C:\Users\Kamil\Desktop\Projekt1\Projekt1\app\ShoppingCard\Carrier\CarrierModel.js
C:\Users\Kamil\Desktop\Projekt1\Projekt1\app\ShoppingCard\Carrier\CarrierModel.js.map
C:\Users\Kamil\Desktop\Projekt1\Projekt1\app\Book\BookModel.js
C:\Users\Kamil\Desktop\Projekt1\Projekt1\app\Book\BookModel.js.map
C:\Users\Kamil\Desktop\Projekt1\Projekt1\app\Book\BookService.js
C:\Users\Kamil\Desktop\Projekt1\Projekt1\app\Book\BookService.js.map
C:\Users\Kamil\Desktop\Projekt1\Projekt1\app\ShoppingCard\Carrier\CarrierService.js
C:\Users\Kamil\Desktop\Projekt1\Projekt1\app\ShoppingCard\Carrier\CarrierService.js.map
C:\Users\Kamil\Desktop\Projekt1\Projekt1\app\ShoppingCard\ShoppingCardModel.js
C:\Users\Kamil\Desktop\Projekt1\Projekt1\app\ShoppingCard\ShoppingCardModel.js.map
C:\Users\Kamil\Desktop\Projekt1\Projekt1\app\ShoppingCard\ShoppingCardService.js
C:\Users\Kamil\Desktop\Projekt1\Projekt1\app\ShoppingCard\ShoppingCardService.js.map
C:\Users\Kamil\Desktop\Projekt1\Projekt1\app\Filter.js
C:\Users\Kamil\Desktop\Projekt1\Projekt1\app\Filter.js.map
C:\Users\Kamil\Desktop\Projekt1\Projekt1\app\app.component.js
C:\Users\Kamil\Desktop\Projekt1\Projekt1\app\app.component.js.map
C:\Users\Kamil\Desktop\Projekt1\Projekt1\app\Book\BookSearch.component.js
C:\Users\Kamil\Desktop\Projekt1\Projekt1\app\Book\BookSearch.component.js.map
C:\Users\Kamil\Desktop\Projekt1\Projekt1\app\NgInit.js
C:\Users\Kamil\Desktop\Projekt1\Projekt1\app\NgInit.js.map
C:\Users\Kamil\Desktop\Projekt1\Projekt1\app\Book\BookOverlapCategory.component.js
C:\Users\Kamil\Desktop\Projekt1\Projekt1\app\Book\BookOverlapCategory.component.js.map
C:\Users\Kamil\Desktop\Projekt1\Projekt1\app\app.module.js
C:\Users\Kamil\Desktop\Projekt1\Projekt1\app\app.module.js.map
C:\Users\Kamil\Desktop\Projekt1\Projekt1\app\global.js
C:\Users\Kamil\Desktop\Projekt1\Projekt1\app\global.js.map
C:\Users\Kamil\Desktop\Projekt1\Projekt1\app\main.js
C:\Users\Kamil\Desktop\Projekt1\Projekt1\app\main.js.map
C:\Users\Kamil\Desktop\Projekt1\Projekt1\app\table1.js
C:\Users\Kamil\Desktop\Projekt1\Projekt1\app\table1.js.map
C:\Users\Kamil\Desktop\Projekt1\Projekt1\app\ShoppingCard\ShoppingCard.component.js
C:\Users\Kamil\Desktop\Projekt1\Projekt1\app\ShoppingCard\ShoppingCard.component.js.map
C:\Users\Kamil\Desktop\Projekt1\Projekt1\app\ShoppingCard\Carrier\CarrierModel.js
C:\Users\Kamil\Desktop\Projekt1\Projekt1\app\ShoppingCard\Carrier\CarrierModel.js.map
C:\Users\Kamil\Desktop\Projekt1\Projekt1\app\Book\BookModel.js
C:\Users\Kamil\Desktop\Projekt1\Projekt1\app\Book\BookModel.js.map
C:\Users\Kamil\Desktop\Projekt1\Projekt1\app\Book\BookService.js
C:\Users\Kamil\Desktop\Projekt1\Projekt1\app\Book\BookService.js.map
C:\Users\Kamil\Desktop\Projekt1\Projekt1\app\ShoppingCard\Carrier\CarrierService.js
C:\Users\Kamil\Desktop\Projekt1\Projekt1\app\ShoppingCard\Carrier\CarrierService.js.map
C:\Users\Kamil\Desktop\Projekt1\Projekt1\app\ShoppingCard\ShoppingCardModel.js
C:\Users\Kamil\Desktop\Projekt1\Projekt1\app\ShoppingCard\ShoppingCardModel.js.map
C:\Users\Kamil\Desktop\Projekt1\Projekt1\app\ShoppingCard\ShoppingCardService.js
C:\Users\Kamil\Desktop\Projekt1\Projekt1\app\ShoppingCard\ShoppingCardService.js.map
C:\Users\Kamil\Desktop\Projekt1\Projekt1\app\Filter.js
C:\Users\Kamil\Desktop\Projekt1\Projekt1\app\Filter.js.map
C:\Users\Kamil\Desktop\Projekt1\Projekt1\app\app.component.js
C:\Users\Kamil\Desktop\Projekt1\Projekt1\app\app.component.js.map
C:\Users\Kamil\Desktop\Projekt1\Projekt1\app\Book\BookSearch.component.js
C:\Users\Kamil\Desktop\Projekt1\Projekt1\app\Book\BookSearch.component.js.map
C:\Users\Kamil\Desktop\Projekt1\Projekt1\app\NgInit.js
C:\Users\Kamil\Desktop\Projekt1\Projekt1\app\NgInit.js.map
C:\Users\Kamil\Desktop\Projekt1\Projekt1\app\Book\BookOverlapCategory.component.js
C:\Users\Kamil\Desktop\Projekt1\Projekt1\app\Book\BookOverlapCategory.component.js.map
C:\Users\Kamil\Desktop\Projekt1\Projekt1\app\app.module.js
C:\Users\Kamil\Desktop\Projekt1\Projekt1\app\app.module.js.map
C:\Users\Kamil\Desktop\Projekt1\Projekt1\app\global.js
C:\Users\Kamil\Desktop\Projekt1\Projekt1\app\global.js.map
C:\Users\Kamil\Desktop\Projekt1\Projekt1\app\main.js
C:\Users\Kamil\Desktop\Projekt1\Projekt1\app\main.js.map
C:\Users\Kamil\Desktop\Projekt1\Projekt1\app\table1.js
C:\Users\Kamil\Desktop\Projekt1\Projekt1\app\table1.js.map
C:\Users\Kamil\Desktop\Projekt1\Projekt1\app\ShoppingCard\ShoppingCard.component.js
C:\Users\Kamil\Desktop\Projekt1\Projekt1\app\ShoppingCard\ShoppingCard.component.js.map
C:\Users\Kamil\Desktop\Projekt1\Projekt1\app\ShoppingCard\Carrier\CarrierModel.js
C:\Users\Kamil\Desktop\Projekt1\Projekt1\app\ShoppingCard\Carrier\CarrierModel.js.map
C:\Users\Kamil\Desktop\Projekt1\Projekt1\app\Book\BookModel.js
C:\Users\Kamil\Desktop\Projekt1\Projekt1\app\Book\BookModel.js.map
C:\Users\Kamil\Desktop\Projekt1\Projekt1\app\Book\BookService.js
C:\Users\Kamil\Desktop\Projekt1\Projekt1\app\Book\BookService.js.map
C:\Users\Kamil\Desktop\Projekt1\Projekt1\app\ShoppingCard\Carrier\CarrierService.js
C:\Users\Kamil\Desktop\Projekt1\Projekt1\app\ShoppingCard\Carrier\CarrierService.js.map
C:\Users\Kamil\Desktop\Projekt1\Projekt1\app\ShoppingCard\ShoppingCardModel.js
C:\Users\Kamil\Desktop\Projekt1\Projekt1\app\ShoppingCard\ShoppingCardModel.js.map
C:\Users\Kamil\Desktop\Projekt1\Projekt1\app\ShoppingCard\ShoppingCardService.js
C:\Users\Kamil\Desktop\Projekt1\Projekt1\app\ShoppingCard\ShoppingCardService.js.map
C:\Users\Kamil\Desktop\Projekt1\Projekt1\app\Filter.js
C:\Users\Kamil\Desktop\Projekt1\Projekt1\app\Filter.js.map
C:\Users\Kamil\Desktop\Projekt1\Projekt1\app\app.component.js
C:\Users\Kamil\Desktop\Projekt1\Projekt1\app\app.component.js.map
C:\Users\Kamil\Desktop\Projekt1\Projekt1\app\Book\BookSearch.component.js
C:\Users\Kamil\Desktop\Projekt1\Projekt1\app\Book\BookSearch.component.js.map
C:\Users\Kamil\Desktop\Projekt1\Projekt1\app\NgInit.js
C:\Users\Kamil\Desktop\Projekt1\Projekt1\app\NgInit.js.map
C:\Users\Kamil\Desktop\Projekt1\Projekt1\app\Book\BookOverlapCategory.component.js
C:\Users\Kamil\Desktop\Projekt1\Projekt1\app\Book\BookOverlapCategory.component.js.map
C:\Users\Kamil\Desktop\Projekt1\Projekt1\app\app.module.js
C:\Users\Kamil\Desktop\Projekt1\Projekt1\app\app.module.js.map
C:\Users\Kamil\Desktop\Projekt1\Projekt1\app\global.js
C:\Users\Kamil\Desktop\Projekt1\Projekt1\app\global.js.map
C:\Users\Kamil\Desktop\Projekt1\Projekt1\app\main.js
C:\Users\Kamil\Desktop\Projekt1\Projekt1\app\main.js.map
C:\Users\Kamil\Desktop\Projekt1\Projekt1\app\table1.js
C:\Users\Kamil\Desktop\Projekt1\Projekt1\app\table1.js.map
C:\Users\Kamil\Desktop\Projekt1\Projekt1\app\ShoppingCard\ShoppingCard.component.js
C:\Users\Kamil\Desktop\Projekt1\Projekt1\app\ShoppingCard\ShoppingCard.component.js.map
